<!DOCTYPE html PUBLIC "-//W3C//DTD XHTML 1.1//EN" "http://www.w3.org/TR/xhtml11/DTD/xhtml11.dtd">
<html xmlns="http://www.w3.org/1999/xhtml"><head><title>TestNG Report</title><style type="text/css">table {margin-bottom:10px;border-collapse:collapse;empty-cells:show}th,td {border:1px solid #009;padding:.25em .5em}th {vertical-align:bottom}td {vertical-align:top}table a {font-weight:bold}.stripe td {background-color: #E6EBF9}.num {text-align:right}.passedodd td {background-color: #3F3}.passedeven td {background-color: #0A0}.skippedodd td {background-color: #DDD}.skippedeven td {background-color: #CCC}.failedodd td,.attn {background-color: #F33}.failedeven td,.stripe .attn {background-color: #D00}.stacktrace {white-space:pre;font-family:monospace}.totop {font-size:85%;text-align:center;border-bottom:2px solid #000}</style></head><body><table><tr><th>Test</th><th># Passed</th><th># Skipped</th><th># Failed</th><th>Time (ms)</th><th>Included Groups</th><th>Excluded Groups</th></tr><tr><th colspan="7">Suite</th></tr><tr><td><a href="#t0">Testonster</a></td><td class="num">0</td><td class="num">0</td><td class="num attn">1</td><td class="num">52,836</td><td></td><td></td></tr><tr class="stripe"><td><a href="#t1">Testnaukri</a></td><td class="num">3</td><td class="num">0</td><td class="num">0</td><td class="num">26,021</td><td></td><td></td></tr><tr><td><a href="#t2">Testdrugs</a></td><td class="num">1</td><td class="num">0</td><td class="num attn">2</td><td class="num">90,279</td><td></td><td></td></tr><tr><th>Total</th><th class="num">4</th><th class="num">0</th><th class="num attn">3</th><th class="num">169,136</th><th colspan="2"></th></tr></table><table><thead><tr><th>Class</th><th>Method</th><th>Start</th><th>Time (ms)</th></tr></thead><tbody><tr><th colspan="4">Suite</th></tr></tbody><tbody id="t0"><tr><th colspan="4">Testonster &#8212; failed</th></tr><tr class="failedeven"><td rowspan="1">monster.update.testCases.Login_Mon</td><td><a href="#m0">login</a></td><td rowspan="1">1490698315155</td><td rowspan="1">52683</td></tr></tbody><tbody id="t1"><tr><th colspan="4">Testnaukri &#8212; passed</th></tr><tr class="passedeven"><td rowspan="3">com.update.testCases.Login_</td><td><a href="#m1">login__</a></td><td rowspan="1">1490698368250</td><td rowspan="1">4368</td></tr><tr class="passedeven"><td><a href="#m2">logout</a></td><td rowspan="1">1490698388350</td><td rowspan="1">5915</td></tr><tr class="passedeven"><td><a href="#m3">upload</a></td><td rowspan="1">1490698372620</td><td rowspan="1">15728</td></tr></tbody><tbody id="t2"><tr><th colspan="4">Testdrugs &#8212; failed</th></tr><tr class="failedeven"><td rowspan="2">com.jyoti.theOnlineDrugstore.testcases.Login</td><td><a href="#m4">addToCart</a></td><td rowspan="1">1490698477847</td><td rowspan="1">6763</td></tr><tr class="failedeven"><td><a href="#m5">login</a></td><td rowspan="1">1490698394338</td><td rowspan="1">77974</td></tr><tr><th colspan="4">Testdrugs &#8212; passed</th></tr><tr class="passedeven"><td rowspan="1">com.jyoti.theOnlineDrugstore.testcases.Login</td><td><a href="#m6">nutriBags</a></td><td rowspan="1">1490698472318</td><td rowspan="1">5527</td></tr></tbody></table><h2>Testonster</h2><h3 id="m0">monster.update.testCases.Login_Mon#login</h3><table class="result"><tr><th>Exception</th></tr><tr><td><div class="stacktrace">org.openqa.selenium.WebDriverException: unknown error: Element &lt;a href=&quot;http://my.monsterindia.com/logout.html&quot; class=&quot;logout&quot;&gt;...&lt;/a&gt; is not clickable at point (950, 59). Other element would receive the click: &lt;div class=&quot;modal fade in&quot; id=&quot;edit_resume&quot; tabindex=&quot;-1&quot; role=&quot;dialog&quot; aria-labelledby=&quot;edit resume popup&quot; style=&quot;display: block; padding-right: 17px;&quot;&gt;...&lt;/div&gt;
  (Session info: chrome=56.0.2924.87)
  (Driver info: chromedriver=2.27.440174 (e97a722caafc2d3a8b807ee115bfb307f7d2cfd9),platform=Windows NT 10.0.14393 x86) (WARNING: The server did not provide any stacktrace information)
Command duration or timeout: 150 milliseconds
Build info: version: &apos;unknown&apos;, revision: &apos;c7b525d&apos;, time: &apos;2016-09-01 14:57:44 -0700&apos;
System info: host: &apos;DESKTOP-GBQT2QC&apos;, ip: &apos;172.22.29.79&apos;, os.name: &apos;Windows 10&apos;, os.arch: &apos;x86&apos;, os.version: &apos;10.0&apos;, java.version: &apos;1.8.0_121&apos;
Driver info: org.openqa.selenium.chrome.ChromeDriver
Capabilities [{applicationCacheEnabled=false, rotatable=false, mobileEmulationEnabled=false, networkConnectionEnabled=false, chrome={chromedriverVersion=2.27.440174 (e97a722caafc2d3a8b807ee115bfb307f7d2cfd9), userDataDir=C:\Users\luckie\AppData\Local\Temp\scoped_dir8076_15695}, takesHeapSnapshot=true, pageLoadStrategy=normal, databaseEnabled=false, handlesAlerts=true, hasTouchScreen=false, version=56.0.2924.87, platform=XP, browserConnectionEnabled=false, nativeEvents=true, acceptSslCerts=true, locationContextEnabled=true, webStorageEnabled=true, browserName=chrome, takesScreenshot=true, javascriptEnabled=true, cssSelectorsEnabled=true, unexpectedAlertBehaviour=}]
Session ID: e779ea06734efeed88daf7f13e812b47
	at org.openqa.selenium.remote.ErrorHandler.createThrowable(ErrorHandler.java:206)
	at org.openqa.selenium.remote.ErrorHandler.throwIfResponseFailed(ErrorHandler.java:158)
	at org.openqa.selenium.remote.RemoteWebDriver.execute(RemoteWebDriver.java:631)
	at org.openqa.selenium.remote.RemoteWebElement.execute(RemoteWebElement.java:284)
	at org.openqa.selenium.remote.RemoteWebElement.click(RemoteWebElement.java:84)
	at org.openqa.selenium.support.pagefactory.internal.LocatingElementHandler.invoke(LocatingElementHandler.java:51)
	at com.sun.proxy.$Proxy5.click(Unknown Source)
	at com.update.businessClass.AllInUpdatesMonster.logout(AllInUpdatesMonster.java:82)
	at monster.update.testCases.Login_Mon.login(Login_Mon.java:17)
... Removed 33 stack frames</div></td></tr></table><p class="totop"><a href="#summary">back to summary</a></p><h2>Testnaukri</h2><h3 id="m1">com.update.testCases.Login_#login__</h3><table class="result"></table><p class="totop"><a href="#summary">back to summary</a></p><h3 id="m2">com.update.testCases.Login_#logout</h3><table class="result"></table><p class="totop"><a href="#summary">back to summary</a></p><h3 id="m3">com.update.testCases.Login_#upload</h3><table class="result"></table><p class="totop"><a href="#summary">back to summary</a></p><h2>Testdrugs</h2><h3 id="m4">com.jyoti.theOnlineDrugstore.testcases.Login#addToCart</h3><table class="result"><tr><th>Exception</th></tr><tr><td><div class="stacktrace">org.openqa.selenium.StaleElementReferenceException: stale element reference: element is not attached to the page document
  (Session info: chrome=56.0.2924.87)
  (Driver info: chromedriver=2.27.440174 (e97a722caafc2d3a8b807ee115bfb307f7d2cfd9),platform=Windows NT 10.0.14393 x86) (WARNING: The server did not provide any stacktrace information)
Command duration or timeout: 52 milliseconds
For documentation on this error, please visit: http://seleniumhq.org/exceptions/stale_element_reference.html
Build info: version: &apos;unknown&apos;, revision: &apos;c7b525d&apos;, time: &apos;2016-09-01 14:57:44 -0700&apos;
System info: host: &apos;DESKTOP-GBQT2QC&apos;, ip: &apos;172.22.29.79&apos;, os.name: &apos;Windows 10&apos;, os.arch: &apos;x86&apos;, os.version: &apos;10.0&apos;, java.version: &apos;1.8.0_121&apos;
Driver info: org.openqa.selenium.chrome.ChromeDriver
Capabilities [{applicationCacheEnabled=false, rotatable=false, mobileEmulationEnabled=false, networkConnectionEnabled=false, chrome={chromedriverVersion=2.27.440174 (e97a722caafc2d3a8b807ee115bfb307f7d2cfd9), userDataDir=C:\Users\luckie\AppData\Local\Temp\scoped_dir8076_15695}, takesHeapSnapshot=true, pageLoadStrategy=normal, databaseEnabled=false, handlesAlerts=true, hasTouchScreen=false, version=56.0.2924.87, platform=XP, browserConnectionEnabled=false, nativeEvents=true, acceptSslCerts=true, locationContextEnabled=true, webStorageEnabled=true, browserName=chrome, takesScreenshot=true, javascriptEnabled=true, cssSelectorsEnabled=true, unexpectedAlertBehaviour=}]
Session ID: e779ea06734efeed88daf7f13e812b47
	at org.openqa.selenium.remote.ErrorHandler.createThrowable(ErrorHandler.java:206)
	at org.openqa.selenium.remote.ErrorHandler.throwIfResponseFailed(ErrorHandler.java:158)
	at org.openqa.selenium.remote.RemoteWebDriver.execute(RemoteWebDriver.java:631)
	at org.openqa.selenium.remote.RemoteWebElement.execute(RemoteWebElement.java:284)
	at org.openqa.selenium.remote.RemoteWebElement.getText(RemoteWebElement.java:168)
	at com.jyoti.theOnlineDrugstore.BusinessClass.BusinessComponents.addToCart(BusinessComponents.java:60)
	at com.jyoti.theOnlineDrugstore.testcases.Login.addToCart(Login.java:25)
... Removed 29 stack frames</div></td></tr></table><p class="totop"><a href="#summary">back to summary</a></p><h3 id="m5">com.jyoti.theOnlineDrugstore.testcases.Login#login</h3><table class="result"><tr><th>Exception</th></tr><tr><td><div class="stacktrace">org.openqa.selenium.NoSuchElementException: no such element: Unable to locate element: {&quot;method&quot;:&quot;xpath&quot;,&quot;selector&quot;:&quot;.//*[@id=&apos;PayPalExpressCheckoutButton&apos;]&quot;}
  (Session info: chrome=56.0.2924.87)
  (Driver info: chromedriver=2.27.440174 (e97a722caafc2d3a8b807ee115bfb307f7d2cfd9),platform=Windows NT 10.0.14393 x86) (WARNING: The server did not provide any stacktrace information)
Command duration or timeout: 13.04 seconds
For documentation on this error, please visit: http://seleniumhq.org/exceptions/no_such_element.html
Build info: version: &apos;unknown&apos;, revision: &apos;c7b525d&apos;, time: &apos;2016-09-01 14:57:44 -0700&apos;
System info: host: &apos;DESKTOP-GBQT2QC&apos;, ip: &apos;172.22.29.79&apos;, os.name: &apos;Windows 10&apos;, os.arch: &apos;x86&apos;, os.version: &apos;10.0&apos;, java.version: &apos;1.8.0_121&apos;
Driver info: org.openqa.selenium.chrome.ChromeDriver
Capabilities [{applicationCacheEnabled=false, rotatable=false, mobileEmulationEnabled=false, networkConnectionEnabled=false, chrome={chromedriverVersion=2.27.440174 (e97a722caafc2d3a8b807ee115bfb307f7d2cfd9), userDataDir=C:\Users\luckie\AppData\Local\Temp\scoped_dir8076_15695}, takesHeapSnapshot=true, pageLoadStrategy=normal, databaseEnabled=false, handlesAlerts=true, hasTouchScreen=false, version=56.0.2924.87, platform=XP, browserConnectionEnabled=false, nativeEvents=true, acceptSslCerts=true, locationContextEnabled=true, webStorageEnabled=true, browserName=chrome, takesScreenshot=true, javascriptEnabled=true, cssSelectorsEnabled=true, unexpectedAlertBehaviour=}]
Session ID: e779ea06734efeed88daf7f13e812b47
*** Element info: {Using=xpath, value=.//*[@id=&apos;PayPalExpressCheckoutButton&apos;]}
	at org.openqa.selenium.remote.ErrorHandler.createThrowable(ErrorHandler.java:206)
	at org.openqa.selenium.remote.ErrorHandler.throwIfResponseFailed(ErrorHandler.java:158)
	at org.openqa.selenium.remote.RemoteWebDriver.execute(RemoteWebDriver.java:631)
	at org.openqa.selenium.remote.RemoteWebDriver.findElement(RemoteWebDriver.java:369)
	at org.openqa.selenium.remote.RemoteWebDriver.findElementByXPath(RemoteWebDriver.java:474)
	at org.openqa.selenium.By$ByXPath.findElement(By.java:361)
	at org.openqa.selenium.remote.RemoteWebDriver.findElement(RemoteWebDriver.java:361)
	at org.openqa.selenium.support.pagefactory.DefaultElementLocator.findElement(DefaultElementLocator.java:69)
	at org.openqa.selenium.support.pagefactory.internal.LocatingElementHandler.invoke(LocatingElementHandler.java:38)
	at com.sun.proxy.$Proxy5.click(Unknown Source)
	at com.jyoti.theOnlineDrugstore.BusinessClass.BusinessComponents.addToCart(BusinessComponents.java:68)
	at com.jyoti.theOnlineDrugstore.testcases.Login.login(Login.java:17)
... Removed 29 stack frames</div></td></tr></table><p class="totop"><a href="#summary">back to summary</a></p><h3 id="m6">com.jyoti.theOnlineDrugstore.testcases.Login#nutriBags</h3><table class="result"></table><p class="totop"><a href="#summary">back to summary</a></p></body></html>